<?xml version="1.0" encoding="UTF-8"?>
<!-- Generated by org.testng.reporters.JUnitReportReporter -->
<testsuite hostname="sukeerthsahana" failures="0" tests="1" name="runner.TestRunner" time="9.115" errors="0" timestamp="2025-02-24T20:50:45 CST" skipped="0">
  <testcase classname="runner.TestRunner" name="runScenario" time="9.115"/>
</testsuite> <!-- runner.TestRunner -->
